192.168.1.1
array (
  'userid' => '24',
  'email' => 'michaeltyagi@gmail.com',
  'retval' => 1,
  'message' => 'User verified',
)

192.168.1.1
array (
  'userid' => '24',
  'email' => 'michaeltyagi@gmail.com',
  'retval' => 1,
  'message' => 'User verified',
)192.168.1.1
array (
  'userid' => '24',
  'email' => 'michaeltyagi@gmail.com',
  'retval' => 1,
  'message' => 'User verified',
)

192.168.1.1
array (
  'userid' => '24',
  'email' => 'michaeltyagi@gmail.com',
  'retval' => 1,
  'message' => 'User verified',
)